<?xml version="1.0" encoding="UTF-8"?>
<!-- Generated by org.testng.reporters.JUnitXMLReporter -->
<testsuite hostname="FAI-BLR04L1349" ignored="0" name="Test" tests="4" failures="0" timestamp="26 Mar 2019 16:38:07 GMT" time="0.074" errors="0">
  <testcase name="test1" time="0.015" classname="Demo.TestNGGroupsDemo"/>
  <testcase name="test2" time="0.0" classname="Demo.TestNGGroupsDemo"/>
  <testcase name="test3" time="0.0" classname="Demo.TestNGGroupsDemo"/>
  <testcase name="test4" time="0.0" classname="Demo.TestNGGroupsDemo"/>
</testsuite> <!-- Test -->
