<?xml version="1.0" encoding="UTF-8"?>
<!-- Generated by org.testng.reporters.JUnitXMLReporter -->
<testsuite hostname="FAI-BLR04L1349" ignored="3" name="Default test(failed)(failed)" tests="1" failures="0" timestamp="08 Apr 2019 10:43:15 GMT" time="0.063" errors="0">
  <testcase name="test2" time="0.018" classname="Demo.TestNGRetryFailedDemo"/>
  <testcase name="test3" time="0.0" classname="Demo.TestNGRetryFailedDemo">
    <ignored/>
  </testcase> <!-- test3 -->
  <testcase name="test4" time="0.0" classname="Demo.TestNGRetryFailedDemo">
    <ignored/>
  </testcase> <!-- test4 -->
  <testcase name="test1" time="0.0" classname="Demo.TestNGRetryFailedDemo">
    <ignored/>
  </testcase> <!-- test1 -->
</testsuite> <!-- Default test(failed)(failed) -->
